# JRE version: OpenJDK Runtime Environment (8.0_112-b06) (build 1.8.0_112-release-b06)
# Java VM: OpenJDK 64-Bit Server VM (25.112-b06 mixed mode windows-amd64 compressed oops)
Heap:
 PSYoungGen      total 165376K, used 40374K [0x00000000e0000000, 0x00000000eb580000, 0x0000000100000000)
  eden space 144896K, 13% used [0x00000000e0000000,0x00000000e1372fd0,0x00000000e8d80000)
  from space 20480K, 99% used [0x00000000e8d80000,0x00000000ea17a968,0x00000000ea180000)
  to   space 17408K, 0% used [0x00000000ea180000,0x00000000ea180000,0x00000000eb280000)
 ParOldGen       total 68608K, used 36700K [0x00000000a0000000, 0x00000000a4300000, 0x00000000e0000000)
  object space 68608K, 53% used [0x00000000a0000000,0x00000000a23d7350,0x00000000a4300000)
 Metaspace       used 64660K, capacity 66414K, committed 66688K, reserved 1107968K
  class space    used 8350K, capacity 8760K, committed 8832K, reserved 1048576K
GC Heap History (10 events):
Event: 77.978 GC heap before
{Heap before GC invocations=12 (full 2):
 PSYoungGen      total 107008K, used 95744K [0x00000000e0000000, 0x00000000e9000000, 0x0000000100000000)
  eden space 95744K, 100% used [0x00000000e0000000,0x00000000e5d80000,0x00000000e5d80000)
  from space 11264K, 0% used [0x00000000e5d80000,0x00000000e5d80000,0x00000000e6880000)
  to   space 12800K, 0% used [0x00000000e8380000,0x00000000e8380000,0x00000000e9000000)
 ParOldGen       total 40960K, used 16031K [0x00000000a0000000, 0x00000000a2800000, 0x00000000e0000000)
  object space 40960K, 39% used [0x00000000a0000000,0x00000000a0fa7d70,0x00000000a2800000)
 Metaspace       used 42609K, capacity 43394K, committed 43648K, reserved 1087488K
  class space    used 5746K, capacity 5960K, committed 6016K, reserved 1048576K
Event: 78.023 GC heap after
Heap after GC invocations=12 (full 2):
 PSYoungGen      total 130560K, used 8978K [0x00000000e0000000, 0x00000000e8e80000, 0x0000000100000000)
  eden space 119296K, 0% used [0x00000000e0000000,0x00000000e0000000,0x00000000e7480000)
  from space 11264K, 79% used [0x00000000e8380000,0x00000000e8c44858,0x00000000e8e80000)
  to   space 13312K, 0% used [0x00000000e7480000,0x00000000e7480000,0x00000000e8180000)
 ParOldGen       total 40960K, used 16039K [0x00000000a0000000, 0x00000000a2800000, 0x00000000e0000000)
  object space 40960K, 39% used [0x00000000a0000000,0x00000000a0fa9d70,0x00000000a2800000)
 Metaspace       used 42609K, capacity 43394K, committed 43648K, reserved 1087488K
  class space    used 5746K, capacity 5960K, committed 6016K, reserved 1048576K
}
Event: 90.026 GC heap before
{Heap before GC invocations=13 (full 2):
 PSYoungGen      total 130560K, used 128274K [0x00000000e0000000, 0x00000000e8e80000, 0x0000000100000000)
  eden space 119296K, 100% used [0x00000000e0000000,0x00000000e7480000,0x00000000e7480000)
  from space 11264K, 79% used [0x00000000e8380000,0x00000000e8c44858,0x00000000e8e80000)
  to   space 13312K, 0% used [0x00000000e7480000,0x00000000e7480000,0x00000000e8180000)
 ParOldGen       total 40960K, used 16039K [0x00000000a0000000, 0x00000000a2800000, 0x00000000e0000000)
  object space 40960K, 39% used [0x00000000a0000000,0x00000000a0fa9d70,0x00000000a2800000)
 Metaspace       used 50432K, capacity 51934K, committed 52096K, reserved 1093632K
  class space    used 6866K, capacity 7208K, committed 7296K, reserved 1048576K
Event: 90.116 GC heap after
Heap after GC invocations=13 (full 2):
 PSYoungGen      total 132608K, used 13280K [0x00000000e0000000, 0x00000000eb280000, 0x0000000100000000)
  eden space 119296K, 0% used [0x00000000e0000000,0x00000000e0000000,0x00000000e7480000)
  from space 13312K, 99% used [0x00000000e7480000,0x00000000e8178028,0x00000000e8180000)
  to   space 17408K, 0% used [0x00000000ea180000,0x00000000ea180000,0x00000000eb280000)
 ParOldGen       total 40960K, used 21945K [0x00000000a0000000, 0x00000000a2800000, 0x00000000e0000000)
  object space 40960K, 53% used [0x00000000a0000000,0x00000000a156e498,0x00000000a2800000)
 Metaspace       used 50432K, capacity 51934K, committed 52096K, reserved 1093632K
  class space    used 6866K, capacity 7208K, committed 7296K, reserved 1048576K
}
Event: 124.136 GC heap before
{Heap before GC invocations=14 (full 2):
 PSYoungGen      total 132608K, used 129615K [0x00000000e0000000, 0x00000000eb280000, 0x0000000100000000)
  eden space 119296K, 97% used [0x00000000e0000000,0x00000000e719be08,0x00000000e7480000)
  from space 13312K, 99% used [0x00000000e7480000,0x00000000e8178028,0x00000000e8180000)
  to   space 17408K, 0% used [0x00000000ea180000,0x00000000ea180000,0x00000000eb280000)
 ParOldGen       total 40960K, used 21945K [0x00000000a0000000, 0x00000000a2800000, 0x00000000e0000000)
  object space 40960K, 53% used [0x00000000a0000000,0x00000000a156e498,0x00000000a2800000)
 Metaspace       used 57414K, capacity 58992K, committed 59136K, reserved 1099776K
  class space    used 7755K, capacity 8105K, committed 8192K, reserved 1048576K
Event: 124.216 GC heap after
Heap after GC invocations=14 (full 2):
 PSYoungGen      total 162304K, used 17396K [0x00000000e0000000, 0x00000000eb580000, 0x0000000100000000)
  eden space 144896K, 0% used [0x00000000e0000000,0x00000000e0000000,0x00000000e8d80000)
  from space 17408K, 99% used [0x00000000ea180000,0x00000000eb27d300,0x00000000eb280000)
  to   space 20480K, 0% used [0x00000000e8d80000,0x00000000e8d80000,0x00000000ea180000)
 ParOldGen       total 40960K, used 23085K [0x00000000a0000000, 0x00000000a2800000, 0x00000000e0000000)
  object space 40960K, 56% used [0x00000000a0000000,0x00000000a168b4f0,0x00000000a2800000)
 Metaspace       used 57414K, capacity 58992K, committed 59136K, reserved 1099776K
  class space    used 7755K, capacity 8105K, committed 8192K, reserved 1048576K
}
Event: 124.216 GC heap before
{Heap before GC invocations=15 (full 3):
 PSYoungGen      total 162304K, used 17396K [0x00000000e0000000, 0x00000000eb580000, 0x0000000100000000)
  eden space 144896K, 0% used [0x00000000e0000000,0x00000000e0000000,0x00000000e8d80000)
  from space 17408K, 99% used [0x00000000ea180000,0x00000000eb27d300,0x00000000eb280000)
  to   space 20480K, 0% used [0x00000000e8d80000,0x00000000e8d80000,0x00000000ea180000)
 ParOldGen       total 40960K, used 23085K [0x00000000a0000000, 0x00000000a2800000, 0x00000000e0000000)
  object space 40960K, 56% used [0x00000000a0000000,0x00000000a168b4f0,0x00000000a2800000)
 Metaspace       used 57414K, capacity 58992K, committed 59136K, reserved 1099776K
  class space    used 7755K, capacity 8105K, committed 8192K, reserved 1048576K
Event: 125.072 GC heap after
Heap after GC invocations=15 (full 3):
 PSYoungGen      total 162304K, used 0K [0x00000000e0000000, 0x00000000eb580000, 0x0000000100000000)
  eden space 144896K, 0% used [0x00000000e0000000,0x00000000e0000000,0x00000000e8d80000)
  from space 17408K, 0% used [0x00000000ea180000,0x00000000ea180000,0x00000000eb280000)
  to   space 20480K, 0% used [0x00000000e8d80000,0x00000000e8d80000,0x00000000ea180000)
 ParOldGen       total 68608K, used 33932K [0x00000000a0000000, 0x00000000a4300000, 0x00000000e0000000)
  object space 68608K, 49% used [0x00000000a0000000,0x00000000a2123118,0x00000000a4300000)
 Metaspace       used 57412K, capacity 58986K, committed 59136K, reserved 1099776K
  class space    used 7755K, capacity 8104K, committed 8192K, reserved 1048576K
}
Event: 476.722 GC heap before
{Heap before GC invocations=16 (full 3):
 PSYoungGen      total 162304K, used 144896K [0x00000000e0000000, 0x00000000eb580000, 0x0000000100000000)
  eden space 144896K, 100% used [0x00000000e0000000,0x00000000e8d80000,0x00000000e8d80000)
  from space 17408K, 0% used [0x00000000ea180000,0x00000000ea180000,0x00000000eb280000)
  to   space 20480K, 0% used [0x00000000e8d80000,0x00000000e8d80000,0x00000000ea180000)
 ParOldGen       total 68608K, used 33932K [0x00000000a0000000, 0x00000000a4300000, 0x00000000e0000000)
  object space 68608K, 49% used [0x00000000a0000000,0x00000000a2123118,0x00000000a4300000)
 Metaspace       used 64423K, capacity 66116K, committed 66432K, reserved 1107968K
  class space    used 8347K, capacity 8755K, committed 8832K, reserved 1048576K
Event: 477.061 GC heap after
Heap after GC invocations=16 (full 3):
 PSYoungGen      total 165376K, used 20458K [0x00000000e0000000, 0x00000000eb580000, 0x0000000100000000)
  eden space 144896K, 0% used [0x00000000e0000000,0x00000000e0000000,0x00000000e8d80000)
  from space 20480K, 99% used [0x00000000e8d80000,0x00000000ea17a968,0x00000000ea180000)
  to   space 17408K, 0% used [0x00000000ea180000,0x00000000ea180000,0x00000000eb280000)
 ParOldGen       total 68608K, used 36700K [0x00000000a0000000, 0x00000000a4300000, 0x00000000e0000000)
  object space 68608K, 53% used [0x00000000a0000000,0x00000000a23d7350,0x00000000a4300000)
 Metaspace       used 64423K, capacity 66116K, committed 66432K, reserved 1107968K
  class space    used 8347K, capacity 8755K, committed 8832K, reserved 1048576K
}

