# JRE version: OpenJDK Runtime Environment (8.0_112-b06) (build 1.8.0_112-release-b06)
# Java VM: OpenJDK 64-Bit Server VM (25.112-b06 mixed mode windows-amd64 compressed oops)
Heap:
 PSYoungGen      total 74752K, used 70780K [0x00000000e0000000, 0x00000000e5400000, 0x0000000100000000)
  eden space 65536K, 97% used [0x00000000e0000000,0x00000000e3e8bc40,0x00000000e4000000)
  from space 9216K, 73% used [0x00000000e4b00000,0x00000000e5193518,0x00000000e5400000)
  to   space 10240K, 0% used [0x00000000e4000000,0x00000000e4000000,0x00000000e4a00000)
 ParOldGen       total 40960K, used 16197K [0x00000000a0000000, 0x00000000a2800000, 0x00000000e0000000)
  object space 40960K, 39% used [0x00000000a0000000,0x00000000a0fd1738,0x00000000a2800000)
 Metaspace       used 44863K, capacity 45694K, committed 45824K, reserved 1089536K
  class space    used 6048K, capacity 6294K, committed 6400K, reserved 1048576K
GC Heap History (10 events):
Event: 28.960 GC heap before
{Heap before GC invocations=12 (full 1):
 PSYoungGen      total 47104K, used 46997K [0x00000000e0000000, 0x00000000e3f80000, 0x0000000100000000)
  eden space 42496K, 100% used [0x00000000e0000000,0x00000000e2980000,0x00000000e2980000)
  from space 4608K, 97% used [0x00000000e3b00000,0x00000000e3f65748,0x00000000e3f80000)
  to   space 7168K, 0% used [0x00000000e3180000,0x00000000e3180000,0x00000000e3880000)
 ParOldGen       total 27136K, used 11028K [0x00000000a0000000, 0x00000000a1a80000, 0x00000000e0000000)
  object space 27136K, 40% used [0x00000000a0000000,0x00000000a0ac5180,0x00000000a1a80000)
 Metaspace       used 26789K, capacity 27188K, committed 27520K, reserved 1073152K
  class space    used 3717K, capacity 3841K, committed 3968K, reserved 1048576K
Event: 29.019 GC heap after
Heap after GC invocations=12 (full 1):
 PSYoungGen      total 57856K, used 5300K [0x00000000e0000000, 0x00000000e4500000, 0x0000000100000000)
  eden space 50688K, 0% used [0x00000000e0000000,0x00000000e0000000,0x00000000e3180000)
  from space 7168K, 73% used [0x00000000e3180000,0x00000000e36ad0d8,0x00000000e3880000)
  to   space 7680K, 0% used [0x00000000e3d80000,0x00000000e3d80000,0x00000000e4500000)
 ParOldGen       total 27136K, used 11028K [0x00000000a0000000, 0x00000000a1a80000, 0x00000000e0000000)
  object space 27136K, 40% used [0x00000000a0000000,0x00000000a0ac5180,0x00000000a1a80000)
 Metaspace       used 26789K, capacity 27188K, committed 27520K, reserved 1073152K
  class space    used 3717K, capacity 3841K, committed 3968K, reserved 1048576K
}
Event: 47.509 GC heap before
{Heap before GC invocations=13 (full 1):
 PSYoungGen      total 57856K, used 55988K [0x00000000e0000000, 0x00000000e4500000, 0x0000000100000000)
  eden space 50688K, 100% used [0x00000000e0000000,0x00000000e3180000,0x00000000e3180000)
  from space 7168K, 73% used [0x00000000e3180000,0x00000000e36ad0d8,0x00000000e3880000)
  to   space 7680K, 0% used [0x00000000e3d80000,0x00000000e3d80000,0x00000000e4500000)
 ParOldGen       total 27136K, used 11028K [0x00000000a0000000, 0x00000000a1a80000, 0x00000000e0000000)
  object space 27136K, 40% used [0x00000000a0000000,0x00000000a0ac5180,0x00000000a1a80000)
 Metaspace       used 31887K, capacity 32480K, committed 32768K, reserved 1077248K
  class space    used 4356K, capacity 4548K, committed 4608K, reserved 1048576K
Event: 47.536 GC heap after
Heap after GC invocations=13 (full 1):
 PSYoungGen      total 61440K, used 7678K [0x00000000e0000000, 0x00000000e5080000, 0x0000000100000000)
  eden space 53760K, 0% used [0x00000000e0000000,0x00000000e0000000,0x00000000e3480000)
  from space 7680K, 99% used [0x00000000e3d80000,0x00000000e44ffb08,0x00000000e4500000)
  to   space 9216K, 0% used [0x00000000e3480000,0x00000000e3480000,0x00000000e3d80000)
 ParOldGen       total 27136K, used 12892K [0x00000000a0000000, 0x00000000a1a80000, 0x00000000e0000000)
  object space 27136K, 47% used [0x00000000a0000000,0x00000000a0c97128,0x00000000a1a80000)
 Metaspace       used 31887K, capacity 32480K, committed 32768K, reserved 1077248K
  class space    used 4356K, capacity 4548K, committed 4608K, reserved 1048576K
}
Event: 52.106 GC heap before
{Heap before GC invocations=14 (full 1):
 PSYoungGen      total 61440K, used 59884K [0x00000000e0000000, 0x00000000e5080000, 0x0000000100000000)
  eden space 53760K, 97% used [0x00000000e0000000,0x00000000e32fb650,0x00000000e3480000)
  from space 7680K, 99% used [0x00000000e3d80000,0x00000000e44ffb08,0x00000000e4500000)
  to   space 9216K, 0% used [0x00000000e3480000,0x00000000e3480000,0x00000000e3d80000)
 ParOldGen       total 27136K, used 12892K [0x00000000a0000000, 0x00000000a1a80000, 0x00000000e0000000)
  object space 27136K, 47% used [0x00000000a0000000,0x00000000a0c97128,0x00000000a1a80000)
 Metaspace       used 34829K, capacity 35348K, committed 35496K, reserved 1079296K
  class space    used 4696K, capacity 4852K, committed 4864K, reserved 1048576K
Event: 52.136 GC heap after
Heap after GC invocations=14 (full 1):
 PSYoungGen      total 62976K, used 7607K [0x00000000e0000000, 0x00000000e5500000, 0x0000000100000000)
  eden space 53760K, 0% used [0x00000000e0000000,0x00000000e0000000,0x00000000e3480000)
  from space 9216K, 82% used [0x00000000e3480000,0x00000000e3bedc30,0x00000000e3d80000)
  to   space 10240K, 0% used [0x00000000e4b00000,0x00000000e4b00000,0x00000000e5500000)
 ParOldGen       total 27136K, used 15465K [0x00000000a0000000, 0x00000000a1a80000, 0x00000000e0000000)
  object space 27136K, 56% used [0x00000000a0000000,0x00000000a0f1a488,0x00000000a1a80000)
 Metaspace       used 34829K, capacity 35348K, committed 35496K, reserved 1079296K
  class space    used 4696K, capacity 4852K, committed 4864K, reserved 1048576K
}
Event: 52.136 GC heap before
{Heap before GC invocations=15 (full 2):
 PSYoungGen      total 62976K, used 7607K [0x00000000e0000000, 0x00000000e5500000, 0x0000000100000000)
  eden space 53760K, 0% used [0x00000000e0000000,0x00000000e0000000,0x00000000e3480000)
  from space 9216K, 82% used [0x00000000e3480000,0x00000000e3bedc30,0x00000000e3d80000)
  to   space 10240K, 0% used [0x00000000e4b00000,0x00000000e4b00000,0x00000000e5500000)
 ParOldGen       total 27136K, used 15465K [0x00000000a0000000, 0x00000000a1a80000, 0x00000000e0000000)
  object space 27136K, 56% used [0x00000000a0000000,0x00000000a0f1a488,0x00000000a1a80000)
 Metaspace       used 34829K, capacity 35348K, committed 35496K, reserved 1079296K
  class space    used 4696K, capacity 4852K, committed 4864K, reserved 1048576K
Event: 52.602 GC heap after
Heap after GC invocations=15 (full 2):
 PSYoungGen      total 62976K, used 0K [0x00000000e0000000, 0x00000000e5500000, 0x0000000100000000)
  eden space 53760K, 0% used [0x00000000e0000000,0x00000000e0000000,0x00000000e3480000)
  from space 9216K, 0% used [0x00000000e3480000,0x00000000e3480000,0x00000000e3d80000)
  to   space 10240K, 0% used [0x00000000e4b00000,0x00000000e4b00000,0x00000000e5500000)
 ParOldGen       total 40960K, used 16189K [0x00000000a0000000, 0x00000000a2800000, 0x00000000e0000000)
  object space 40960K, 39% used [0x00000000a0000000,0x00000000a0fcf738,0x00000000a2800000)
 Metaspace       used 34829K, capacity 35348K, committed 35496K, reserved 1079296K
  class space    used 4696K, capacity 4852K, committed 4864K, reserved 1048576K
}
Event: 60.290 GC heap before
{Heap before GC invocations=16 (full 2):
 PSYoungGen      total 62976K, used 53760K [0x00000000e0000000, 0x00000000e5500000, 0x0000000100000000)
  eden space 53760K, 100% used [0x00000000e0000000,0x00000000e3480000,0x00000000e3480000)
  from space 9216K, 0% used [0x00000000e3480000,0x00000000e3480000,0x00000000e3d80000)
  to   space 10240K, 0% used [0x00000000e4b00000,0x00000000e4b00000,0x00000000e5500000)
 ParOldGen       total 40960K, used 16189K [0x00000000a0000000, 0x00000000a2800000, 0x00000000e0000000)
  object space 40960K, 39% used [0x00000000a0000000,0x00000000a0fcf738,0x00000000a2800000)
 Metaspace       used 41148K, capacity 41930K, committed 42240K, reserved 1085440K
  class space    used 5571K, capacity 5764K, committed 5888K, reserved 1048576K
Event: 60.314 GC heap after
Heap after GC invocations=16 (full 2):
 PSYoungGen      total 74752K, used 6733K [0x00000000e0000000, 0x00000000e5400000, 0x0000000100000000)
  eden space 65536K, 0% used [0x00000000e0000000,0x00000000e0000000,0x00000000e4000000)
  from space 9216K, 73% used [0x00000000e4b00000,0x00000000e5193518,0x00000000e5400000)
  to   space 10240K, 0% used [0x00000000e4000000,0x00000000e4000000,0x00000000e4a00000)
 ParOldGen       total 40960K, used 16197K [0x00000000a0000000, 0x00000000a2800000, 0x00000000e0000000)
  object space 40960K, 39% used [0x00000000a0000000,0x00000000a0fd1738,0x00000000a2800000)
 Metaspace       used 41148K, capacity 41930K, committed 42240K, reserved 1085440K
  class space    used 5571K, capacity 5764K, committed 5888K, reserved 1048576K
}

