# JRE version: OpenJDK Runtime Environment (8.0_112-b06) (build 1.8.0_112-release-b06)
# Java VM: OpenJDK 64-Bit Server VM (25.112-b06 mixed mode windows-amd64 compressed oops)
Heap:
 PSYoungGen      total 125440K, used 39213K [0x00000000e0000000, 0x00000000e8a80000, 0x0000000100000000)
  eden space 116224K, 26% used [0x00000000e0000000,0x00000000e1d8ce60,0x00000000e7180000)
  from space 9216K, 97% used [0x00000000e8180000,0x00000000e8a3e978,0x00000000e8a80000)
  to   space 12288K, 0% used [0x00000000e7280000,0x00000000e7280000,0x00000000e7e80000)
 ParOldGen       total 39424K, used 16358K [0x00000000a0000000, 0x00000000a2680000, 0x00000000e0000000)
  object space 39424K, 41% used [0x00000000a0000000,0x00000000a0ff9890,0x00000000a2680000)
 Metaspace       used 45329K, capacity 46408K, committed 46592K, reserved 1089536K
  class space    used 6127K, capacity 6390K, committed 6400K, reserved 1048576K
GC Heap History (10 events):
Event: 31.339 GC heap before
{Heap before GC invocations=10 (full 1):
 PSYoungGen      total 73216K, used 67072K [0x00000000e0000000, 0x00000000e5200000, 0x0000000100000000)
  eden space 67072K, 100% used [0x00000000e0000000,0x00000000e4180000,0x00000000e4180000)
  from space 6144K, 0% used [0x00000000e4900000,0x00000000e4900000,0x00000000e4f00000)
  to   space 7680K, 0% used [0x00000000e4180000,0x00000000e4180000,0x00000000e4900000)
 ParOldGen       total 25088K, used 10276K [0x00000000a0000000, 0x00000000a1880000, 0x00000000e0000000)
  object space 25088K, 40% used [0x00000000a0000000,0x00000000a0a09198,0x00000000a1880000)
 Metaspace       used 26444K, capacity 26898K, committed 27136K, reserved 1073152K
  class space    used 3643K, capacity 3776K, committed 3840K, reserved 1048576K
Event: 31.432 GC heap after
Heap after GC invocations=10 (full 1):
 PSYoungGen      total 74752K, used 7677K [0x00000000e0000000, 0x00000000e6d00000, 0x0000000100000000)
  eden space 67072K, 0% used [0x00000000e0000000,0x00000000e0000000,0x00000000e4180000)
  from space 7680K, 99% used [0x00000000e4180000,0x00000000e48ff7b0,0x00000000e4900000)
  to   space 9216K, 0% used [0x00000000e6400000,0x00000000e6400000,0x00000000e6d00000)
 ParOldGen       total 25088K, used 10908K [0x00000000a0000000, 0x00000000a1880000, 0x00000000e0000000)
  object space 25088K, 43% used [0x00000000a0000000,0x00000000a0aa71c8,0x00000000a1880000)
 Metaspace       used 26444K, capacity 26898K, committed 27136K, reserved 1073152K
  class space    used 3643K, capacity 3776K, committed 3840K, reserved 1048576K
}
Event: 47.540 GC heap before
{Heap before GC invocations=11 (full 1):
 PSYoungGen      total 74752K, used 74749K [0x00000000e0000000, 0x00000000e6d00000, 0x0000000100000000)
  eden space 67072K, 100% used [0x00000000e0000000,0x00000000e4180000,0x00000000e4180000)
  from space 7680K, 99% used [0x00000000e4180000,0x00000000e48ff7b0,0x00000000e4900000)
  to   space 9216K, 0% used [0x00000000e6400000,0x00000000e6400000,0x00000000e6d00000)
 ParOldGen       total 25088K, used 10908K [0x00000000a0000000, 0x00000000a1880000, 0x00000000e0000000)
  object space 25088K, 43% used [0x00000000a0000000,0x00000000a0aa71c8,0x00000000a1880000)
 Metaspace       used 32505K, capacity 33232K, committed 33408K, reserved 1077248K
  class space    used 4462K, capacity 4677K, committed 4736K, reserved 1048576K
Event: 47.584 GC heap after
Heap after GC invocations=11 (full 1):
 PSYoungGen      total 99840K, used 9208K [0x00000000e0000000, 0x00000000e6e80000, 0x0000000100000000)
  eden space 90624K, 0% used [0x00000000e0000000,0x00000000e0000000,0x00000000e5880000)
  from space 9216K, 99% used [0x00000000e6400000,0x00000000e6cfe218,0x00000000e6d00000)
  to   space 11264K, 0% used [0x00000000e5880000,0x00000000e5880000,0x00000000e6380000)
 ParOldGen       total 25088K, used 13333K [0x00000000a0000000, 0x00000000a1880000, 0x00000000e0000000)
  object space 25088K, 53% used [0x00000000a0000000,0x00000000a0d057e8,0x00000000a1880000)
 Metaspace       used 32505K, capacity 33232K, committed 33408K, reserved 1077248K
  class space    used 4462K, capacity 4677K, committed 4736K, reserved 1048576K
}
Event: 51.693 GC heap before
{Heap before GC invocations=12 (full 1):
 PSYoungGen      total 99840K, used 55660K [0x00000000e0000000, 0x00000000e6e80000, 0x0000000100000000)
  eden space 90624K, 51% used [0x00000000e0000000,0x00000000e2d5ce30,0x00000000e5880000)
  from space 9216K, 99% used [0x00000000e6400000,0x00000000e6cfe218,0x00000000e6d00000)
  to   space 11264K, 0% used [0x00000000e5880000,0x00000000e5880000,0x00000000e6380000)
 ParOldGen       total 25088K, used 13333K [0x00000000a0000000, 0x00000000a1880000, 0x00000000e0000000)
  object space 25088K, 53% used [0x00000000a0000000,0x00000000a0d057e8,0x00000000a1880000)
 Metaspace       used 34601K, capacity 35340K, committed 35456K, reserved 1079296K
  class space    used 4712K, capacity 4943K, committed 4992K, reserved 1048576K
Event: 51.725 GC heap after
Heap after GC invocations=12 (full 1):
 PSYoungGen      total 101888K, used 3420K [0x00000000e0000000, 0x00000000e8c80000, 0x0000000100000000)
  eden space 90624K, 0% used [0x00000000e0000000,0x00000000e0000000,0x00000000e5880000)
  from space 11264K, 30% used [0x00000000e5880000,0x00000000e5bd7268,0x00000000e6380000)
  to   space 11264K, 0% used [0x00000000e8180000,0x00000000e8180000,0x00000000e8c80000)
 ParOldGen       total 25088K, used 20034K [0x00000000a0000000, 0x00000000a1880000, 0x00000000e0000000)
  object space 25088K, 79% used [0x00000000a0000000,0x00000000a13908c8,0x00000000a1880000)
 Metaspace       used 34601K, capacity 35340K, committed 35456K, reserved 1079296K
  class space    used 4712K, capacity 4943K, committed 4992K, reserved 1048576K
}
Event: 51.725 GC heap before
{Heap before GC invocations=13 (full 2):
 PSYoungGen      total 101888K, used 3420K [0x00000000e0000000, 0x00000000e8c80000, 0x0000000100000000)
  eden space 90624K, 0% used [0x00000000e0000000,0x00000000e0000000,0x00000000e5880000)
  from space 11264K, 30% used [0x00000000e5880000,0x00000000e5bd7268,0x00000000e6380000)
  to   space 11264K, 0% used [0x00000000e8180000,0x00000000e8180000,0x00000000e8c80000)
 ParOldGen       total 25088K, used 20034K [0x00000000a0000000, 0x00000000a1880000, 0x00000000e0000000)
  object space 25088K, 79% used [0x00000000a0000000,0x00000000a13908c8,0x00000000a1880000)
 Metaspace       used 34601K, capacity 35340K, committed 35456K, reserved 1079296K
  class space    used 4712K, capacity 4943K, committed 4992K, reserved 1048576K
Event: 52.173 GC heap after
Heap after GC invocations=13 (full 2):
 PSYoungGen      total 101888K, used 0K [0x00000000e0000000, 0x00000000e8c80000, 0x0000000100000000)
  eden space 90624K, 0% used [0x00000000e0000000,0x00000000e0000000,0x00000000e5880000)
  from space 11264K, 0% used [0x00000000e5880000,0x00000000e5880000,0x00000000e6380000)
  to   space 11264K, 0% used [0x00000000e8180000,0x00000000e8180000,0x00000000e8c80000)
 ParOldGen       total 39424K, used 16350K [0x00000000a0000000, 0x00000000a2680000, 0x00000000e0000000)
  object space 39424K, 41% used [0x00000000a0000000,0x00000000a0ff7890,0x00000000a2680000)
 Metaspace       used 34601K, capacity 35340K, committed 35456K, reserved 1079296K
  class space    used 4712K, capacity 4943K, committed 4992K, reserved 1048576K
}
Event: 61.786 GC heap before
{Heap before GC invocations=14 (full 2):
 PSYoungGen      total 101888K, used 90624K [0x00000000e0000000, 0x00000000e8c80000, 0x0000000100000000)
  eden space 90624K, 100% used [0x00000000e0000000,0x00000000e5880000,0x00000000e5880000)
  from space 11264K, 0% used [0x00000000e5880000,0x00000000e5880000,0x00000000e6380000)
  to   space 11264K, 0% used [0x00000000e8180000,0x00000000e8180000,0x00000000e8c80000)
 ParOldGen       total 39424K, used 16350K [0x00000000a0000000, 0x00000000a2680000, 0x00000000e0000000)
  object space 39424K, 41% used [0x00000000a0000000,0x00000000a0ff7890,0x00000000a2680000)
 Metaspace       used 42279K, capacity 43196K, committed 43392K, reserved 1087488K
  class space    used 5717K, capacity 5946K, committed 6016K, reserved 1048576K
Event: 61.817 GC heap after
Heap after GC invocations=14 (full 2):
 PSYoungGen      total 125440K, used 8954K [0x00000000e0000000, 0x00000000e8a80000, 0x0000000100000000)
  eden space 116224K, 0% used [0x00000000e0000000,0x00000000e0000000,0x00000000e7180000)
  from space 9216K, 97% used [0x00000000e8180000,0x00000000e8a3e978,0x00000000e8a80000)
  to   space 12288K, 0% used [0x00000000e7280000,0x00000000e7280000,0x00000000e7e80000)
 ParOldGen       total 39424K, used 16358K [0x00000000a0000000, 0x00000000a2680000, 0x00000000e0000000)
  object space 39424K, 41% used [0x00000000a0000000,0x00000000a0ff9890,0x00000000a2680000)
 Metaspace       used 42279K, capacity 43196K, committed 43392K, reserved 1087488K
  class space    used 5717K, capacity 5946K, committed 6016K, reserved 1048576K
}

