# JRE version: OpenJDK Runtime Environment (8.0_112-b06) (build 1.8.0_112-release-b06)
# Java VM: OpenJDK 64-Bit Server VM (25.112-b06 mixed mode windows-amd64 compressed oops)
Heap:
 PSYoungGen      total 86528K, used 42144K [0x00000000e0000000, 0x00000000e6580000, 0x0000000100000000)
  eden space 78848K, 43% used [0x00000000e0000000,0x00000000e21ae000,0x00000000e4d00000)
  from space 7680K, 99% used [0x00000000e5700000,0x00000000e5e7a3d0,0x00000000e5e80000)
  to   space 10240K, 0% used [0x00000000e4d00000,0x00000000e4d00000,0x00000000e5700000)
 ParOldGen       total 35328K, used 24259K [0x00000000a0000000, 0x00000000a2280000, 0x00000000e0000000)
  object space 35328K, 68% used [0x00000000a0000000,0x00000000a17b0f48,0x00000000a2280000)
 Metaspace       used 51462K, capacity 53156K, committed 53376K, reserved 1095680K
  class space    used 7043K, capacity 7445K, committed 7552K, reserved 1048576K
GC Heap History (10 events):
Event: 74.106 GC heap before
{Heap before GC invocations=20 (full 1):
 PSYoungGen      total 60928K, used 10533K [0x00000000e0000000, 0x00000000e4200000, 0x0000000100000000)
  eden space 55296K, 13% used [0x00000000e0000000,0x00000000e0779260,0x00000000e3600000)
  from space 5632K, 51% used [0x00000000e3c80000,0x00000000e3f50450,0x00000000e4200000)
  to   space 6144K, 0% used [0x00000000e3600000,0x00000000e3600000,0x00000000e3c00000)
 ParOldGen       total 21504K, used 16667K [0x00000000a0000000, 0x00000000a1500000, 0x00000000e0000000)
  object space 21504K, 77% used [0x00000000a0000000,0x00000000a1046d00,0x00000000a1500000)
 Metaspace       used 34657K, capacity 35350K, committed 35456K, reserved 1079296K
  class space    used 4729K, capacity 4948K, committed 4992K, reserved 1048576K
Event: 74.118 GC heap after
Heap after GC invocations=20 (full 1):
 PSYoungGen      total 61440K, used 1089K [0x00000000e0000000, 0x00000000e5200000, 0x0000000100000000)
  eden space 55296K, 0% used [0x00000000e0000000,0x00000000e0000000,0x00000000e3600000)
  from space 6144K, 17% used [0x00000000e3600000,0x00000000e37105c0,0x00000000e3c00000)
  to   space 6144K, 0% used [0x00000000e4c00000,0x00000000e4c00000,0x00000000e5200000)
 ParOldGen       total 21504K, used 18283K [0x00000000a0000000, 0x00000000a1500000, 0x00000000e0000000)
  object space 21504K, 85% used [0x00000000a0000000,0x00000000a11dad00,0x00000000a1500000)
 Metaspace       used 34657K, capacity 35350K, committed 35456K, reserved 1079296K
  class space    used 4729K, capacity 4948K, committed 4992K, reserved 1048576K
}
Event: 74.118 GC heap before
{Heap before GC invocations=21 (full 2):
 PSYoungGen      total 61440K, used 1089K [0x00000000e0000000, 0x00000000e5200000, 0x0000000100000000)
  eden space 55296K, 0% used [0x00000000e0000000,0x00000000e0000000,0x00000000e3600000)
  from space 6144K, 17% used [0x00000000e3600000,0x00000000e37105c0,0x00000000e3c00000)
  to   space 6144K, 0% used [0x00000000e4c00000,0x00000000e4c00000,0x00000000e5200000)
 ParOldGen       total 21504K, used 18283K [0x00000000a0000000, 0x00000000a1500000, 0x00000000e0000000)
  object space 21504K, 85% used [0x00000000a0000000,0x00000000a11dad00,0x00000000a1500000)
 Metaspace       used 34657K, capacity 35350K, committed 35456K, reserved 1079296K
  class space    used 4729K, capacity 4948K, committed 4992K, reserved 1048576K
Event: 74.439 GC heap after
Heap after GC invocations=21 (full 2):
 PSYoungGen      total 61440K, used 0K [0x00000000e0000000, 0x00000000e5200000, 0x0000000100000000)
  eden space 55296K, 0% used [0x00000000e0000000,0x00000000e0000000,0x00000000e3600000)
  from space 6144K, 0% used [0x00000000e3600000,0x00000000e3600000,0x00000000e3c00000)
  to   space 6144K, 0% used [0x00000000e4c00000,0x00000000e4c00000,0x00000000e5200000)
 ParOldGen       total 35328K, used 15567K [0x00000000a0000000, 0x00000000a2280000, 0x00000000e0000000)
  object space 35328K, 44% used [0x00000000a0000000,0x00000000a0f33c88,0x00000000a2280000)
 Metaspace       used 34657K, capacity 35350K, committed 35456K, reserved 1079296K
  class space    used 4729K, capacity 4948K, committed 4992K, reserved 1048576K
}
Event: 78.582 GC heap before
{Heap before GC invocations=22 (full 2):
 PSYoungGen      total 61440K, used 55296K [0x00000000e0000000, 0x00000000e5200000, 0x0000000100000000)
  eden space 55296K, 100% used [0x00000000e0000000,0x00000000e3600000,0x00000000e3600000)
  from space 6144K, 0% used [0x00000000e3600000,0x00000000e3600000,0x00000000e3c00000)
  to   space 6144K, 0% used [0x00000000e4c00000,0x00000000e4c00000,0x00000000e5200000)
 ParOldGen       total 35328K, used 15567K [0x00000000a0000000, 0x00000000a2280000, 0x00000000e0000000)
  object space 35328K, 44% used [0x00000000a0000000,0x00000000a0f33c88,0x00000000a2280000)
 Metaspace       used 38906K, capacity 39696K, committed 39936K, reserved 1083392K
  class space    used 5372K, capacity 5604K, committed 5632K, reserved 1048576K
Event: 78.606 GC heap after
Heap after GC invocations=22 (full 2):
 PSYoungGen      total 73728K, used 6132K [0x00000000e0000000, 0x00000000e5200000, 0x0000000100000000)
  eden space 67584K, 0% used [0x00000000e0000000,0x00000000e0000000,0x00000000e4200000)
  from space 6144K, 99% used [0x00000000e4c00000,0x00000000e51fd000,0x00000000e5200000)
  to   space 7168K, 0% used [0x00000000e4400000,0x00000000e4400000,0x00000000e4b00000)
 ParOldGen       total 35328K, used 16119K [0x00000000a0000000, 0x00000000a2280000, 0x00000000e0000000)
  object space 35328K, 45% used [0x00000000a0000000,0x00000000a0fbdcf0,0x00000000a2280000)
 Metaspace       used 38906K, capacity 39696K, committed 39936K, reserved 1083392K
  class space    used 5372K, capacity 5604K, committed 5632K, reserved 1048576K
}
Event: 85.972 GC heap before
{Heap before GC invocations=23 (full 2):
 PSYoungGen      total 73728K, used 73716K [0x00000000e0000000, 0x00000000e5200000, 0x0000000100000000)
  eden space 67584K, 100% used [0x00000000e0000000,0x00000000e4200000,0x00000000e4200000)
  from space 6144K, 99% used [0x00000000e4c00000,0x00000000e51fd000,0x00000000e5200000)
  to   space 7168K, 0% used [0x00000000e4400000,0x00000000e4400000,0x00000000e4b00000)
 ParOldGen       total 35328K, used 16119K [0x00000000a0000000, 0x00000000a2280000, 0x00000000e0000000)
  object space 35328K, 45% used [0x00000000a0000000,0x00000000a0fbdcf0,0x00000000a2280000)
 Metaspace       used 45069K, capacity 46168K, committed 46336K, reserved 1089536K
  class space    used 6097K, capacity 6372K, committed 6400K, reserved 1048576K
Event: 86.007 GC heap after
Heap after GC invocations=23 (full 2):
 PSYoungGen      total 76800K, used 5527K [0x00000000e0000000, 0x00000000e5e80000, 0x0000000100000000)
  eden space 69632K, 0% used [0x00000000e0000000,0x00000000e0000000,0x00000000e4400000)
  from space 7168K, 77% used [0x00000000e4400000,0x00000000e4965fc8,0x00000000e4b00000)
  to   space 7680K, 0% used [0x00000000e5700000,0x00000000e5700000,0x00000000e5e80000)
 ParOldGen       total 35328K, used 21189K [0x00000000a0000000, 0x00000000a2280000, 0x00000000e0000000)
  object space 35328K, 59% used [0x00000000a0000000,0x00000000a14b17c8,0x00000000a2280000)
 Metaspace       used 45069K, capacity 46168K, committed 46336K, reserved 1089536K
  class space    used 6097K, capacity 6372K, committed 6400K, reserved 1048576K
}
Event: 91.889 GC heap before
{Heap before GC invocations=24 (full 2):
 PSYoungGen      total 76800K, used 75159K [0x00000000e0000000, 0x00000000e5e80000, 0x0000000100000000)
  eden space 69632K, 100% used [0x00000000e0000000,0x00000000e4400000,0x00000000e4400000)
  from space 7168K, 77% used [0x00000000e4400000,0x00000000e4965fc8,0x00000000e4b00000)
  to   space 7680K, 0% used [0x00000000e5700000,0x00000000e5700000,0x00000000e5e80000)
 ParOldGen       total 35328K, used 21189K [0x00000000a0000000, 0x00000000a2280000, 0x00000000e0000000)
  object space 35328K, 59% used [0x00000000a0000000,0x00000000a14b17c8,0x00000000a2280000)
 Metaspace       used 48600K, capacity 50182K, committed 50304K, reserved 1093632K
  class space    used 6650K, capacity 7014K, committed 7040K, reserved 1048576K
Event: 91.929 GC heap after
Heap after GC invocations=24 (full 2):
 PSYoungGen      total 86528K, used 7656K [0x00000000e0000000, 0x00000000e6580000, 0x0000000100000000)
  eden space 78848K, 0% used [0x00000000e0000000,0x00000000e0000000,0x00000000e4d00000)
  from space 7680K, 99% used [0x00000000e5700000,0x00000000e5e7a3d0,0x00000000e5e80000)
  to   space 10240K, 0% used [0x00000000e4d00000,0x00000000e4d00000,0x00000000e5700000)
 ParOldGen       total 35328K, used 24259K [0x00000000a0000000, 0x00000000a2280000, 0x00000000e0000000)
  object space 35328K, 68% used [0x00000000a0000000,0x00000000a17b0f48,0x00000000a2280000)
 Metaspace       used 48600K, capacity 50182K, committed 50304K, reserved 1093632K
  class space    used 6650K, capacity 7014K, committed 7040K, reserved 1048576K
}

