# JRE version: OpenJDK Runtime Environment (8.0_112-b06) (build 1.8.0_112-release-b06)
# Java VM: OpenJDK 64-Bit Server VM (25.112-b06 mixed mode windows-amd64 compressed oops)
Heap:
 PSYoungGen      total 221184K, used 154209K [0x00000000e0000000, 0x00000000f1280000, 0x0000000100000000)
  eden space 194048K, 75% used [0x00000000e0000000,0x00000000e8fe8b48,0x00000000ebd80000)
  from space 27136K, 25% used [0x00000000ebd80000,0x00000000ec42fb20,0x00000000ed800000)
  to   space 26112K, 0% used [0x00000000ef900000,0x00000000ef900000,0x00000000f1280000)
 ParOldGen       total 88064K, used 54900K [0x00000000a0000000, 0x00000000a5600000, 0x00000000e0000000)
  object space 88064K, 62% used [0x00000000a0000000,0x00000000a359d368,0x00000000a5600000)
 Metaspace       used 71654K, capacity 74454K, committed 74752K, reserved 1114112K
  class space    used 9317K, capacity 9918K, committed 9984K, reserved 1048576K
GC Heap History (10 events):
Event: 65.382 GC heap before
{Heap before GC invocations=19 (full 3):
 PSYoungGen      total 180224K, used 14848K [0x00000000e0000000, 0x00000000ed200000, 0x0000000100000000)
  eden space 165376K, 0% used [0x00000000e0000000,0x00000000e0000000,0x00000000ea180000)
  from space 14848K, 100% used [0x00000000eb580000,0x00000000ec400000,0x00000000ec400000)
  to   space 20480K, 0% used [0x00000000ea180000,0x00000000ea180000,0x00000000eb580000)
 ParOldGen       total 36864K, used 36643K [0x00000000a0000000, 0x00000000a2400000, 0x00000000e0000000)
  object space 36864K, 99% used [0x00000000a0000000,0x00000000a23c8c98,0x00000000a2400000)
 Metaspace       used 52989K, capacity 54858K, committed 55040K, reserved 1095680K
  class space    used 7360K, capacity 7846K, committed 7936K, reserved 1048576K
Event: 66.245 GC heap after
Heap after GC invocations=19 (full 3):
 PSYoungGen      total 180224K, used 7570K [0x00000000e0000000, 0x00000000ed200000, 0x0000000100000000)
  eden space 165376K, 0% used [0x00000000e0000000,0x00000000e0000000,0x00000000ea180000)
  from space 14848K, 50% used [0x00000000eb580000,0x00000000ebce4908,0x00000000ec400000)
  to   space 20480K, 0% used [0x00000000ea180000,0x00000000ea180000,0x00000000eb580000)
 ParOldGen       total 60928K, used 36502K [0x00000000a0000000, 0x00000000a3b80000, 0x00000000e0000000)
  object space 60928K, 59% used [0x00000000a0000000,0x00000000a23a5b60,0x00000000a3b80000)
 Metaspace       used 52989K, capacity 54858K, committed 55040K, reserved 1095680K
  class space    used 7360K, capacity 7846K, committed 7936K, reserved 1048576K
}
Event: 132.999 GC heap before
{Heap before GC invocations=20 (full 3):
 PSYoungGen      total 180224K, used 172946K [0x00000000e0000000, 0x00000000ed200000, 0x0000000100000000)
  eden space 165376K, 100% used [0x00000000e0000000,0x00000000ea180000,0x00000000ea180000)
  from space 14848K, 50% used [0x00000000eb580000,0x00000000ebce4908,0x00000000ec400000)
  to   space 20480K, 0% used [0x00000000ea180000,0x00000000ea180000,0x00000000eb580000)
 ParOldGen       total 60928K, used 36502K [0x00000000a0000000, 0x00000000a3b80000, 0x00000000e0000000)
  object space 60928K, 59% used [0x00000000a0000000,0x00000000a23a5b60,0x00000000a3b80000)
 Metaspace       used 59158K, capacity 61432K, committed 61568K, reserved 1101824K
  class space    used 7971K, capacity 8507K, committed 8576K, reserved 1048576K
Event: 133.246 GC heap after
Heap after GC invocations=20 (full 3):
 PSYoungGen      total 185856K, used 20453K [0x00000000e0000000, 0x00000000ef800000, 0x0000000100000000)
  eden space 165376K, 0% used [0x00000000e0000000,0x00000000e0000000,0x00000000ea180000)
  from space 20480K, 99% used [0x00000000ea180000,0x00000000eb579470,0x00000000eb580000)
  to   space 27648K, 0% used [0x00000000edd00000,0x00000000edd00000,0x00000000ef800000)
 ParOldGen       total 60928K, used 46163K [0x00000000a0000000, 0x00000000a3b80000, 0x00000000e0000000)
  object space 60928K, 75% used [0x00000000a0000000,0x00000000a2d14e18,0x00000000a3b80000)
 Metaspace       used 59158K, capacity 61432K, committed 61568K, reserved 1101824K
  class space    used 7971K, capacity 8507K, committed 8576K, reserved 1048576K
}
Event: 665.932 GC heap before
{Heap before GC invocations=21 (full 3):
 PSYoungGen      total 185856K, used 185829K [0x00000000e0000000, 0x00000000ef800000, 0x0000000100000000)
  eden space 165376K, 100% used [0x00000000e0000000,0x00000000ea180000,0x00000000ea180000)
  from space 20480K, 99% used [0x00000000ea180000,0x00000000eb579470,0x00000000eb580000)
  to   space 27648K, 0% used [0x00000000edd00000,0x00000000edd00000,0x00000000ef800000)
 ParOldGen       total 60928K, used 46163K [0x00000000a0000000, 0x00000000a3b80000, 0x00000000e0000000)
  object space 60928K, 75% used [0x00000000a0000000,0x00000000a2d14e18,0x00000000a3b80000)
 Metaspace       used 61362K, capacity 63830K, committed 64128K, reserved 1103872K
  class space    used 8221K, capacity 8768K, committed 8832K, reserved 1048576K
Event: 666.195 GC heap after
Heap after GC invocations=21 (full 3):
 PSYoungGen      total 216064K, used 13549K [0x00000000e0000000, 0x00000000ef280000, 0x0000000100000000)
  eden space 194048K, 0% used [0x00000000e0000000,0x00000000e0000000,0x00000000ebd80000)
  from space 22016K, 61% used [0x00000000edd00000,0x00000000eea3b720,0x00000000ef280000)
  to   space 27136K, 0% used [0x00000000ebd80000,0x00000000ebd80000,0x00000000ed800000)
 ParOldGen       total 60928K, used 56013K [0x00000000a0000000, 0x00000000a3b80000, 0x00000000e0000000)
  object space 60928K, 91% used [0x00000000a0000000,0x00000000a36b3770,0x00000000a3b80000)
 Metaspace       used 61362K, capacity 63830K, committed 64128K, reserved 1103872K
  class space    used 8221K, capacity 8768K, committed 8832K, reserved 1048576K
}
Event: 666.196 GC heap before
{Heap before GC invocations=22 (full 4):
 PSYoungGen      total 216064K, used 13549K [0x00000000e0000000, 0x00000000ef280000, 0x0000000100000000)
  eden space 194048K, 0% used [0x00000000e0000000,0x00000000e0000000,0x00000000ebd80000)
  from space 22016K, 61% used [0x00000000edd00000,0x00000000eea3b720,0x00000000ef280000)
  to   space 27136K, 0% used [0x00000000ebd80000,0x00000000ebd80000,0x00000000ed800000)
 ParOldGen       total 60928K, used 56013K [0x00000000a0000000, 0x00000000a3b80000, 0x00000000e0000000)
  object space 60928K, 91% used [0x00000000a0000000,0x00000000a36b3770,0x00000000a3b80000)
 Metaspace       used 61362K, capacity 63830K, committed 64128K, reserved 1103872K
  class space    used 8221K, capacity 8768K, committed 8832K, reserved 1048576K
Event: 667.125 GC heap after
Heap after GC invocations=22 (full 4):
 PSYoungGen      total 216064K, used 0K [0x00000000e0000000, 0x00000000ef280000, 0x0000000100000000)
  eden space 194048K, 0% used [0x00000000e0000000,0x00000000e0000000,0x00000000ebd80000)
  from space 22016K, 0% used [0x00000000edd00000,0x00000000edd00000,0x00000000ef280000)
  to   space 27136K, 0% used [0x00000000ebd80000,0x00000000ebd80000,0x00000000ed800000)
 ParOldGen       total 88064K, used 54884K [0x00000000a0000000, 0x00000000a5600000, 0x00000000e0000000)
  object space 88064K, 62% used [0x00000000a0000000,0x00000000a3599368,0x00000000a5600000)
 Metaspace       used 61360K, capacity 63824K, committed 64128K, reserved 1103872K
  class space    used 8220K, capacity 8767K, committed 8832K, reserved 1048576K
}
Event: 712.802 GC heap before
{Heap before GC invocations=23 (full 4):
 PSYoungGen      total 216064K, used 193919K [0x00000000e0000000, 0x00000000ef280000, 0x0000000100000000)
  eden space 194048K, 99% used [0x00000000e0000000,0x00000000ebd5ff98,0x00000000ebd80000)
  from space 22016K, 0% used [0x00000000edd00000,0x00000000edd00000,0x00000000ef280000)
  to   space 27136K, 0% used [0x00000000ebd80000,0x00000000ebd80000,0x00000000ed800000)
 ParOldGen       total 88064K, used 54884K [0x00000000a0000000, 0x00000000a5600000, 0x00000000e0000000)
  object space 88064K, 62% used [0x00000000a0000000,0x00000000a3599368,0x00000000a5600000)
 Metaspace       used 67845K, capacity 70532K, committed 70784K, reserved 1110016K
  class space    used 8964K, capacity 9525K, committed 9600K, reserved 1048576K
Event: 712.990 GC heap after
Heap after GC invocations=23 (full 4):
 PSYoungGen      total 221184K, used 6846K [0x00000000e0000000, 0x00000000f1280000, 0x0000000100000000)
  eden space 194048K, 0% used [0x00000000e0000000,0x00000000e0000000,0x00000000ebd80000)
  from space 27136K, 25% used [0x00000000ebd80000,0x00000000ec42fb20,0x00000000ed800000)
  to   space 26112K, 0% used [0x00000000ef900000,0x00000000ef900000,0x00000000f1280000)
 ParOldGen       total 88064K, used 54900K [0x00000000a0000000, 0x00000000a5600000, 0x00000000e0000000)
  object space 88064K, 62% used [0x00000000a0000000,0x00000000a359d368,0x00000000a5600000)
 Metaspace       used 67845K, capacity 70532K, committed 70784K, reserved 1110016K
  class space    used 8964K, capacity 9525K, committed 9600K, reserved 1048576K
}

